2025-07-26 18:23:22.369 [PaymentProcessor] INFO: Payment processed successfully for ORDER-65371 - amount: $159
2025-07-26 18:23:24.945 [PaymentProcessor] INFO: Payment processed successfully for ORDER-73910 - amount: $424
2025-07-26 18:23:34.121 [PaymentProcessor] INFO: Payment processed successfully for ORDER-19050 - amount: $461
2025-07-26 18:23:35.758 [PaymentProcessor] INFO: Payment processed successfully for ORDER-45045 - amount: $156
2025-07-26 18:23:42.287 [PaymentProcessor] INFO: Payment processed successfully for ORDER-74934 - amount: $24
2025-07-26 18:23:43.676 [PaymentProcessor] INFO: Payment processed successfully for ORDER-69487 - amount: $68
2025-07-26 18:23:58.029 [PaymentProcessor] INFO: Payment processed successfully for ORDER-50688 - amount: $231
2025-07-26 18:23:58.271 [PaymentProcessor] INFO: Payment processed successfully for ORDER-46773 - amount: $328
2025-07-26 18:24:30.150 [PaymentProcessor] INFO: Payment processed successfully for ORDER-58621 - amount: $129
2025-07-26 18:24:33.622 [PaymentProcessor] INFO: Payment processed successfully for ORDER-68672 - amount: $127
2025-07-26 18:24:41.928 [PaymentProcessor] INFO: Payment processed successfully for ORDER-22382 - amount: $421
2025-07-26 18:24:43.070 [PaymentProcessor] INFO: Payment processed successfully for ORDER-41673 - amount: $387
2025-07-26 18:24:58.045 [PaymentProcessor] INFO: Payment processed successfully for ORDER-80219 - amount: $208
2025-07-26 18:25:11.895 [PaymentProcessor] INFO: Payment processed successfully for ORDER-40438 - amount: $368
2025-07-26 18:25:14.132 [PaymentProcessor] ERROR: Payment failed for ORDER-39348 - insufficient funds
2025-07-26 18:25:16.562 [PaymentProcessor] INFO: Payment processed successfully for ORDER-49228 - amount: $250
2025-07-26 18:25:46.978 [PaymentProcessor] INFO: Payment processed successfully for ORDER-97714 - amount: $158
2025-07-26 18:25:58.200 [PaymentProcessor] INFO: Payment processed successfully for ORDER-65510 - amount: $220
2025-07-26 18:25:58.597 [PaymentProcessor] INFO: Payment processed successfully for ORDER-47619 - amount: $490
2025-07-26 18:25:59.115 [PaymentProcessor] INFO: Payment processed successfully for ORDER-43520 - amount: $22
2025-07-26 18:26:10.598 [PaymentProcessor] INFO: Payment processed successfully for ORDER-59874 - amount: $334
2025-07-26 18:26:11.257 [PaymentProcessor] INFO: Payment processed successfully for ORDER-16139 - amount: $402
2025-07-26 18:26:14.550 [PaymentProcessor] INFO: Payment processed successfully for ORDER-21257 - amount: $105
2025-07-26 18:26:15.364 [PaymentProcessor] INFO: Payment processed successfully for ORDER-62086 - amount: $117
2025-07-26 18:26:17.692 [PaymentProcessor] INFO: Payment processed successfully for ORDER-92945 - amount: $19
2025-07-26 18:26:26.152 [PaymentProcessor] INFO: Payment processed successfully for ORDER-36950 - amount: $84
2025-07-26 18:26:26.296 [PaymentProcessor] ERROR: Payment failed for ORDER-55803 - insufficient funds
2025-07-26 18:26:40.248 [PaymentProcessor] INFO: Payment processed successfully for ORDER-91664 - amount: $116
2025-07-26 18:26:49.065 [PaymentProcessor] INFO: Payment processed successfully for ORDER-94631 - amount: $125
2025-07-26 18:26:50.570 [PaymentProcessor] INFO: Payment processed successfully for ORDER-50852 - amount: $487
2025-07-26 18:26:53.477 [PaymentProcessor] INFO: Payment processed successfully for ORDER-32637 - amount: $361
2025-07-26 18:26:58.408 [PaymentProcessor] INFO: Payment processed successfully for ORDER-44532 - amount: $34
2025-07-26 18:27:19.085 [PaymentProcessor] INFO: Payment processed successfully for ORDER-53742 - amount: $79
2025-07-26 18:27:22.056 [PaymentProcessor] ERROR: Payment failed for ORDER-15492 - payment gateway timeout
2025-07-26 18:27:24.995 [PaymentProcessor] INFO: Payment processed successfully for ORDER-57696 - amount: $301
2025-07-26 18:27:28.123 [PaymentProcessor] INFO: Payment processed successfully for ORDER-58566 - amount: $193
2025-07-26 18:27:44.871 [PaymentProcessor] ERROR: Payment failed for ORDER-71019 - invalid card number
2025-07-26 18:27:48.908 [PaymentProcessor] ERROR: Payment failed for ORDER-34208 - fraud detection triggered
2025-07-26 18:28:02.490 [PaymentProcessor] ERROR: Payment failed for ORDER-31127 - insufficient funds
2025-07-26 18:28:09.793 [PaymentProcessor] INFO: Payment processed successfully for ORDER-42530 - amount: $243
2025-07-26 18:28:19.217 [PaymentProcessor] INFO: Payment processed successfully for ORDER-69271 - amount: $172
2025-07-26 18:28:24.235 [PaymentProcessor] INFO: Payment processed successfully for ORDER-80277 - amount: $152
2025-07-26 18:28:25.674 [PaymentProcessor] INFO: Payment processed successfully for ORDER-85945 - amount: $207
2025-07-26 18:28:33.356 [PaymentProcessor] INFO: Payment processed successfully for ORDER-85942 - amount: $86
2025-07-26 18:28:46.492 [PaymentProcessor] ERROR: Payment failed for ORDER-82613 - payment gateway timeout
2025-07-26 18:28:59.216 [PaymentProcessor] INFO: Payment processed successfully for ORDER-87326 - amount: $428
2025-07-26 18:29:04.315 [PaymentProcessor] INFO: Payment processed successfully for ORDER-86924 - amount: $280
2025-07-26 18:29:07.549 [PaymentProcessor] INFO: Payment processed successfully for ORDER-84739 - amount: $165
2025-07-26 18:29:17.442 [PaymentProcessor] INFO: Payment processed successfully for ORDER-33853 - amount: $287
2025-07-26 18:29:32.916 [PaymentProcessor] INFO: Payment processed successfully for ORDER-11264 - amount: $317
2025-07-26 18:29:35.615 [PaymentProcessor] INFO: Payment processed successfully for ORDER-91935 - amount: $154
2025-07-26 18:29:43.825 [PaymentProcessor] INFO: Payment processed successfully for ORDER-85196 - amount: $174
2025-07-26 18:29:46.777 [PaymentProcessor] INFO: Payment processed successfully for ORDER-59016 - amount: $328
2025-07-26 18:29:59.635 [PaymentProcessor] ERROR: Payment failed for ORDER-95874 - payment gateway timeout
2025-07-26 18:30:02.644 [PaymentProcessor] INFO: Payment processed successfully for ORDER-87132 - amount: $348
2025-07-26 18:30:03.939 [PaymentProcessor] INFO: Payment processed successfully for ORDER-37916 - amount: $420
2025-07-26 18:30:29.919 [PaymentProcessor] INFO: Payment processed successfully for ORDER-13217 - amount: $80
2025-07-26 18:30:31.523 [PaymentProcessor] INFO: Payment processed successfully for ORDER-75367 - amount: $376
2025-07-26 18:30:47.917 [PaymentProcessor] INFO: Payment processed successfully for ORDER-99552 - amount: $157
2025-07-26 18:31:02.789 [PaymentProcessor] INFO: Payment processed successfully for ORDER-79769 - amount: $41
2025-07-26 18:31:03.467 [PaymentProcessor] INFO: Payment processed successfully for ORDER-36327 - amount: $20
2025-07-26 18:31:04.464 [PaymentProcessor] INFO: Payment processed successfully for ORDER-77798 - amount: $46
2025-07-26 18:31:09.425 [PaymentProcessor] INFO: Payment processed successfully for ORDER-84718 - amount: $484
2025-07-26 18:31:10.392 [PaymentProcessor] INFO: Payment processed successfully for ORDER-46145 - amount: $235
2025-07-26 18:31:29.798 [PaymentProcessor] INFO: Payment processed successfully for ORDER-20055 - amount: $423
2025-07-26 18:31:32.544 [PaymentProcessor] INFO: Payment processed successfully for ORDER-39675 - amount: $423
2025-07-26 18:31:33.753 [PaymentProcessor] INFO: Payment processed successfully for ORDER-91530 - amount: $334
2025-07-26 18:31:37.396 [PaymentProcessor] INFO: Payment processed successfully for ORDER-90680 - amount: $50
2025-07-26 18:31:48.146 [PaymentProcessor] INFO: Payment processed successfully for ORDER-52283 - amount: $347
2025-07-26 18:31:51.400 [PaymentProcessor] INFO: Payment processed successfully for ORDER-91048 - amount: $387
2025-07-26 18:32:01.408 [PaymentProcessor] INFO: Payment processed successfully for ORDER-27258 - amount: $435
2025-07-26 18:32:04.322 [PaymentProcessor] INFO: Payment processed successfully for ORDER-16169 - amount: $32
2025-07-26 18:32:28.712 [PaymentProcessor] INFO: Payment processed successfully for ORDER-17210 - amount: $213
2025-07-26 18:32:29.299 [PaymentProcessor] INFO: Payment processed successfully for ORDER-57352 - amount: $116
2025-07-26 18:32:29.484 [PaymentProcessor] INFO: Payment processed successfully for ORDER-46193 - amount: $48
2025-07-26 18:32:38.308 [PaymentProcessor] INFO: Payment processed successfully for ORDER-80117 - amount: $378
2025-07-26 18:32:42.115 [PaymentProcessor] INFO: Payment processed successfully for ORDER-99855 - amount: $93
2025-07-26 18:32:46.939 [PaymentProcessor] INFO: Payment processed successfully for ORDER-38993 - amount: $446
2025-07-26 18:32:57.463 [PaymentProcessor] INFO: Payment processed successfully for ORDER-17641 - amount: $98
2025-07-26 18:32:58.041 [PaymentProcessor] INFO: Payment processed successfully for ORDER-43208 - amount: $452
2025-07-26 18:33:17.274 [PaymentProcessor] INFO: Payment processed successfully for ORDER-18740 - amount: $495
2025-07-26 18:33:30.197 [PaymentProcessor] INFO: Payment processed successfully for ORDER-16702 - amount: $340
2025-07-26 18:33:35.479 [PaymentProcessor] INFO: Payment processed successfully for ORDER-49475 - amount: $45
2025-07-26 18:33:52.969 [PaymentProcessor] INFO: Payment processed successfully for ORDER-31038 - amount: $24
2025-07-26 18:33:56.776 [PaymentProcessor] INFO: Payment processed successfully for ORDER-29197 - amount: $195
2025-07-26 18:34:01.820 [PaymentProcessor] ERROR: Payment failed for ORDER-45340 - invalid card number
2025-07-26 18:34:06.960 [PaymentProcessor] INFO: Payment processed successfully for ORDER-83078 - amount: $243
2025-07-26 18:34:16.792 [PaymentProcessor] INFO: Payment processed successfully for ORDER-61094 - amount: $271
2025-07-26 18:34:19.020 [PaymentProcessor] INFO: Payment processed successfully for ORDER-93558 - amount: $185
2025-07-26 18:34:19.855 [PaymentProcessor] INFO: Payment processed successfully for ORDER-61890 - amount: $78
2025-07-26 18:34:20.199 [PaymentProcessor] INFO: Payment processed successfully for ORDER-36627 - amount: $172
2025-07-26 18:34:34.329 [PaymentProcessor] INFO: Payment processed successfully for ORDER-55061 - amount: $349
2025-07-26 18:35:02.261 [PaymentProcessor] INFO: Payment processed successfully for ORDER-65575 - amount: $304
2025-07-26 18:35:09.002 [PaymentProcessor] INFO: Payment processed successfully for ORDER-10450 - amount: $97
2025-07-26 18:35:13.097 [PaymentProcessor] INFO: Payment processed successfully for ORDER-60734 - amount: $97
2025-07-26 18:35:14.878 [PaymentProcessor] INFO: Payment processed successfully for ORDER-62527 - amount: $62
2025-07-26 18:35:16.941 [PaymentProcessor] INFO: Payment processed successfully for ORDER-16846 - amount: $255
2025-07-26 18:35:17.653 [PaymentProcessor] INFO: Payment processed successfully for ORDER-77095 - amount: $267
2025-07-26 18:35:19.613 [PaymentProcessor] INFO: Payment processed successfully for ORDER-71917 - amount: $395
2025-07-26 18:35:20.313 [PaymentProcessor] INFO: Payment processed successfully for ORDER-39006 - amount: $34
2025-07-26 18:35:29.639 [PaymentProcessor] INFO: Payment processed successfully for ORDER-93532 - amount: $493
2025-07-26 18:35:52.103 [PaymentProcessor] INFO: Payment processed successfully for ORDER-95376 - amount: $230
2025-07-26 18:36:05.039 [PaymentProcessor] INFO: Payment processed successfully for ORDER-73583 - amount: $376
2025-07-26 18:36:09.076 [PaymentProcessor] INFO: Payment processed successfully for ORDER-32417 - amount: $340
2025-07-26 18:36:25.350 [PaymentProcessor] INFO: Payment processed successfully for ORDER-93936 - amount: $69
2025-07-26 18:36:33.741 [PaymentProcessor] INFO: Payment processed successfully for ORDER-64844 - amount: $407
2025-07-26 18:36:34.953 [PaymentProcessor] INFO: Payment processed successfully for ORDER-96846 - amount: $462
2025-07-26 18:36:49.212 [PaymentProcessor] INFO: Payment processed successfully for ORDER-54273 - amount: $477
2025-07-26 18:36:49.495 [PaymentProcessor] INFO: Payment processed successfully for ORDER-59777 - amount: $118
2025-07-26 18:36:51.556 [PaymentProcessor] INFO: Payment processed successfully for ORDER-89456 - amount: $222
2025-07-26 18:37:04.457 [PaymentProcessor] INFO: Payment processed successfully for ORDER-46246 - amount: $314
2025-07-26 18:37:09.718 [PaymentProcessor] INFO: Payment processed successfully for ORDER-20973 - amount: $55
2025-07-26 18:37:18.569 [PaymentProcessor] ERROR: Payment failed for ORDER-61070 - fraud detection triggered
2025-07-26 18:37:38.215 [PaymentProcessor] INFO: Payment processed successfully for ORDER-20218 - amount: $340
2025-07-26 18:37:41.317 [PaymentProcessor] INFO: Payment processed successfully for ORDER-66521 - amount: $53
2025-07-26 18:37:41.903 [PaymentProcessor] INFO: Payment processed successfully for ORDER-26445 - amount: $196
2025-07-26 18:37:49.950 [PaymentProcessor] ERROR: Payment failed for ORDER-58224 - fraud detection triggered
2025-07-26 18:37:52.553 [PaymentProcessor] INFO: Payment processed successfully for ORDER-47080 - amount: $146
2025-07-26 18:38:01.573 [PaymentProcessor] INFO: Payment processed successfully for ORDER-42938 - amount: $449
2025-07-26 18:38:06.072 [PaymentProcessor] INFO: Payment processed successfully for ORDER-15021 - amount: $287
2025-07-26 18:38:17.806 [PaymentProcessor] INFO: Payment processed successfully for ORDER-84772 - amount: $440
2025-07-26 18:38:26.400 [PaymentProcessor] INFO: Payment processed successfully for ORDER-40949 - amount: $281
2025-07-26 18:38:28.219 [PaymentProcessor] INFO: Payment processed successfully for ORDER-66322 - amount: $35
2025-07-26 18:38:30.146 [PaymentProcessor] INFO: Payment processed successfully for ORDER-83548 - amount: $44
2025-07-26 18:38:33.659 [PaymentProcessor] INFO: Payment processed successfully for ORDER-67044 - amount: $458
2025-07-26 18:38:50.133 [PaymentProcessor] INFO: Payment processed successfully for ORDER-81662 - amount: $376
2025-07-26 18:38:53.089 [PaymentProcessor] INFO: Payment processed successfully for ORDER-63448 - amount: $285
2025-07-26 18:39:04.815 [PaymentProcessor] INFO: Payment processed successfully for ORDER-81993 - amount: $364
2025-07-26 18:39:26.394 [PaymentProcessor] INFO: Payment processed successfully for ORDER-41171 - amount: $197
2025-07-26 18:39:32.073 [PaymentProcessor] INFO: Payment processed successfully for ORDER-90571 - amount: $318
2025-07-26 18:39:35.721 [PaymentProcessor] INFO: Payment processed successfully for ORDER-91597 - amount: $168
2025-07-26 18:39:37.401 [PaymentProcessor] INFO: Payment processed successfully for ORDER-77660 - amount: $318
2025-07-26 18:39:56.949 [PaymentProcessor] INFO: Payment processed successfully for ORDER-91469 - amount: $75
2025-07-26 18:40:00.573 [PaymentProcessor] INFO: Payment processed successfully for ORDER-41385 - amount: $457
2025-07-26 18:40:00.980 [PaymentProcessor] INFO: Payment processed successfully for ORDER-92931 - amount: $94
2025-07-26 18:40:15.132 [PaymentProcessor] INFO: Payment processed successfully for ORDER-27325 - amount: $259
2025-07-26 18:40:26.124 [PaymentProcessor] INFO: Payment processed successfully for ORDER-59845 - amount: $334
2025-07-26 18:40:27.656 [PaymentProcessor] INFO: Payment processed successfully for ORDER-45114 - amount: $195
2025-07-26 18:40:28.345 [PaymentProcessor] ERROR: Payment failed for ORDER-62433 - card expired
2025-07-26 18:40:31.738 [PaymentProcessor] INFO: Payment processed successfully for ORDER-15157 - amount: $342
2025-07-26 18:40:50.382 [PaymentProcessor] INFO: Payment processed successfully for ORDER-87328 - amount: $233
2025-07-26 18:40:51.354 [PaymentProcessor] INFO: Payment processed successfully for ORDER-54982 - amount: $250
2025-07-26 18:40:52.544 [PaymentProcessor] INFO: Payment processed successfully for ORDER-64264 - amount: $207
2025-07-26 18:41:01.475 [PaymentProcessor] INFO: Payment processed successfully for ORDER-10401 - amount: $129
2025-07-26 18:41:23.640 [PaymentProcessor] INFO: Payment processed successfully for ORDER-45486 - amount: $21
2025-07-26 18:41:32.710 [PaymentProcessor] INFO: Payment processed successfully for ORDER-23873 - amount: $486
2025-07-26 18:41:33.998 [PaymentProcessor] INFO: Payment processed successfully for ORDER-12082 - amount: $394
2025-07-26 18:41:37.809 [PaymentProcessor] INFO: Payment processed successfully for ORDER-29337 - amount: $327
2025-07-26 18:41:39.161 [PaymentProcessor] INFO: Payment processed successfully for ORDER-68244 - amount: $309
2025-07-26 18:41:55.092 [PaymentProcessor] INFO: Payment processed successfully for ORDER-83029 - amount: $495
2025-07-26 18:42:02.564 [PaymentProcessor] INFO: Payment processed successfully for ORDER-63303 - amount: $74
2025-07-26 18:42:07.505 [PaymentProcessor] INFO: Payment processed successfully for ORDER-20472 - amount: $415
2025-07-26 18:42:39.912 [PaymentProcessor] INFO: Payment processed successfully for ORDER-60995 - amount: $11
2025-07-26 18:42:51.236 [PaymentProcessor] INFO: Payment processed successfully for ORDER-22964 - amount: $105
2025-07-26 18:42:53.964 [PaymentProcessor] INFO: Payment processed successfully for ORDER-65751 - amount: $179
2025-07-26 18:42:55.194 [PaymentProcessor] INFO: Payment processed successfully for ORDER-84220 - amount: $310
2025-07-26 18:43:01.540 [PaymentProcessor] ERROR: Payment failed for ORDER-85861 - card expired
2025-07-26 18:43:02.696 [PaymentProcessor] INFO: Payment processed successfully for ORDER-24901 - amount: $259
2025-07-26 18:43:10.558 [PaymentProcessor] INFO: Payment processed successfully for ORDER-68311 - amount: $111
2025-07-26 18:43:12.586 [PaymentProcessor] INFO: Payment processed successfully for ORDER-49533 - amount: $245
2025-07-26 18:43:34.547 [PaymentProcessor] ERROR: Payment failed for ORDER-35317 - invalid card number
2025-07-26 18:43:46.717 [PaymentProcessor] INFO: Payment processed successfully for ORDER-78955 - amount: $459
2025-07-26 18:43:52.810 [PaymentProcessor] ERROR: Payment failed for ORDER-23112 - payment gateway timeout
2025-07-26 18:43:57.844 [PaymentProcessor] INFO: Payment processed successfully for ORDER-23034 - amount: $188
2025-07-26 18:44:03.154 [PaymentProcessor] INFO: Payment processed successfully for ORDER-96657 - amount: $445
2025-07-26 18:44:05.809 [PaymentProcessor] INFO: Payment processed successfully for ORDER-73667 - amount: $217
2025-07-26 18:44:13.004 [PaymentProcessor] ERROR: Payment failed for ORDER-32405 - fraud detection triggered
2025-07-26 18:44:14.994 [PaymentProcessor] ERROR: Payment failed for ORDER-95333 - invalid card number
2025-07-26 18:44:19.926 [PaymentProcessor] INFO: Payment processed successfully for ORDER-35485 - amount: $117
2025-07-26 18:44:20.421 [PaymentProcessor] INFO: Payment processed successfully for ORDER-33616 - amount: $98
2025-07-26 18:44:29.150 [PaymentProcessor] INFO: Payment processed successfully for ORDER-16023 - amount: $498
2025-07-26 18:44:29.244 [PaymentProcessor] INFO: Payment processed successfully for ORDER-20733 - amount: $182
2025-07-26 18:44:35.576 [PaymentProcessor] INFO: Payment processed successfully for ORDER-90012 - amount: $175
2025-07-26 18:44:39.956 [PaymentProcessor] INFO: Payment processed successfully for ORDER-98679 - amount: $91
2025-07-26 18:44:54.686 [PaymentProcessor] INFO: Payment processed successfully for ORDER-40126 - amount: $283
2025-07-26 18:45:05.194 [PaymentProcessor] INFO: Payment processed successfully for ORDER-61490 - amount: $132
2025-07-26 18:45:23.298 [PaymentProcessor] INFO: Payment processed successfully for ORDER-20992 - amount: $250
2025-07-26 18:45:23.790 [PaymentProcessor] INFO: Payment processed successfully for ORDER-61487 - amount: $463
2025-07-26 18:45:30.555 [PaymentProcessor] INFO: Payment processed successfully for ORDER-45088 - amount: $276
2025-07-26 18:45:31.665 [PaymentProcessor] INFO: Payment processed successfully for ORDER-57763 - amount: $133
2025-07-26 18:45:33.006 [PaymentProcessor] INFO: Payment processed successfully for ORDER-43678 - amount: $105
2025-07-26 18:45:39.103 [PaymentProcessor] INFO: Payment processed successfully for ORDER-18189 - amount: $53
2025-07-26 18:45:44.550 [PaymentProcessor] INFO: Payment processed successfully for ORDER-22363 - amount: $57
2025-07-26 18:45:52.362 [PaymentProcessor] INFO: Payment processed successfully for ORDER-61789 - amount: $459
2025-07-26 18:46:18.911 [PaymentProcessor] INFO: Payment processed successfully for ORDER-81159 - amount: $219
2025-07-26 18:46:31.128 [PaymentProcessor] INFO: Payment processed successfully for ORDER-82816 - amount: $383
2025-07-26 18:46:35.501 [PaymentProcessor] INFO: Payment processed successfully for ORDER-39992 - amount: $444
2025-07-26 18:46:55.716 [PaymentProcessor] INFO: Payment processed successfully for ORDER-57362 - amount: $405
2025-07-26 18:46:59.734 [PaymentProcessor] INFO: Payment processed successfully for ORDER-14801 - amount: $143
2025-07-26 18:47:00.805 [PaymentProcessor] INFO: Payment processed successfully for ORDER-64401 - amount: $271
2025-07-26 18:47:01.094 [PaymentProcessor] INFO: Payment processed successfully for ORDER-92683 - amount: $174
2025-07-26 18:47:03.070 [PaymentProcessor] INFO: Payment processed successfully for ORDER-64476 - amount: $405
2025-07-26 18:47:19.835 [PaymentProcessor] INFO: Payment processed successfully for ORDER-74884 - amount: $211
2025-07-26 18:47:22.980 [PaymentProcessor] INFO: Payment processed successfully for ORDER-49352 - amount: $20
2025-07-26 18:47:30.163 [PaymentProcessor] INFO: Payment processed successfully for ORDER-51500 - amount: $170
2025-07-26 18:47:39.367 [PaymentProcessor] INFO: Payment processed successfully for ORDER-35557 - amount: $373
2025-07-26 18:47:47.758 [PaymentProcessor] INFO: Payment processed successfully for ORDER-81987 - amount: $275
2025-07-26 18:47:52.002 [PaymentProcessor] INFO: Payment processed successfully for ORDER-93245 - amount: $479
2025-07-26 18:47:53.301 [PaymentProcessor] ERROR: Payment failed for ORDER-12559 - fraud detection triggered
2025-07-26 18:48:09.924 [PaymentProcessor] INFO: Payment processed successfully for ORDER-82691 - amount: $260
2025-07-26 18:48:23.911 [PaymentProcessor] INFO: Payment processed successfully for ORDER-54159 - amount: $164
2025-07-26 18:48:30.961 [PaymentProcessor] INFO: Payment processed successfully for ORDER-43122 - amount: $406
2025-07-26 18:48:31.926 [PaymentProcessor] INFO: Payment processed successfully for ORDER-97633 - amount: $266
2025-07-26 18:48:35.615 [PaymentProcessor] INFO: Payment processed successfully for ORDER-92636 - amount: $38
2025-07-26 18:48:58.709 [PaymentProcessor] INFO: Payment processed successfully for ORDER-74169 - amount: $209
2025-07-26 18:48:59.262 [PaymentProcessor] INFO: Payment processed successfully for ORDER-51695 - amount: $327
2025-07-26 18:49:11.338 [PaymentProcessor] INFO: Payment processed successfully for ORDER-86452 - amount: $384
2025-07-26 18:49:14.050 [PaymentProcessor] INFO: Payment processed successfully for ORDER-92466 - amount: $304
2025-07-26 18:49:18.170 [PaymentProcessor] INFO: Payment processed successfully for ORDER-47827 - amount: $225
2025-07-26 18:49:20.375 [PaymentProcessor] INFO: Payment processed successfully for ORDER-39082 - amount: $285
2025-07-26 18:49:22.725 [PaymentProcessor] ERROR: Payment failed for ORDER-83690 - payment gateway timeout
2025-07-26 18:49:32.551 [PaymentProcessor] INFO: Payment processed successfully for ORDER-27243 - amount: $83
2025-07-26 18:49:36.123 [PaymentProcessor] ERROR: Payment failed for ORDER-98824 - fraud detection triggered
2025-07-26 18:49:43.651 [PaymentProcessor] INFO: Payment processed successfully for ORDER-32416 - amount: $439
2025-07-26 18:49:52.327 [PaymentProcessor] INFO: Payment processed successfully for ORDER-92542 - amount: $341
2025-07-26 18:50:01.263 [PaymentProcessor] INFO: Payment processed successfully for ORDER-56398 - amount: $142
2025-07-26 18:50:19.727 [PaymentProcessor] INFO: Payment processed successfully for ORDER-23843 - amount: $93
2025-07-26 18:50:21.329 [PaymentProcessor] INFO: Payment processed successfully for ORDER-40959 - amount: $445
2025-07-26 18:50:40.339 [PaymentProcessor] INFO: Payment processed successfully for ORDER-57775 - amount: $498
2025-07-26 18:50:44.155 [PaymentProcessor] INFO: Payment processed successfully for ORDER-20427 - amount: $336
2025-07-26 18:50:46.777 [PaymentProcessor] INFO: Payment processed successfully for ORDER-34043 - amount: $409
2025-07-26 18:50:54.650 [PaymentProcessor] ERROR: Payment failed for ORDER-82607 - card expired
2025-07-26 18:51:09.391 [PaymentProcessor] INFO: Payment processed successfully for ORDER-55974 - amount: $103
2025-07-26 18:51:15.575 [PaymentProcessor] INFO: Payment processed successfully for ORDER-22622 - amount: $32
2025-07-26 18:51:23.887 [PaymentProcessor] INFO: Payment processed successfully for ORDER-35512 - amount: $380
2025-07-26 18:51:27.473 [PaymentProcessor] INFO: Payment processed successfully for ORDER-23174 - amount: $300
2025-07-26 18:51:30.205 [PaymentProcessor] INFO: Payment processed successfully for ORDER-49765 - amount: $207
2025-07-26 18:51:34.104 [PaymentProcessor] INFO: Payment processed successfully for ORDER-97573 - amount: $465
2025-07-26 18:51:36.677 [PaymentProcessor] INFO: Payment processed successfully for ORDER-99936 - amount: $102
2025-07-26 18:51:43.265 [PaymentProcessor] INFO: Payment processed successfully for ORDER-18089 - amount: $348
2025-07-26 18:51:56.798 [PaymentProcessor] INFO: Payment processed successfully for ORDER-90992 - amount: $47
2025-07-26 18:52:10.353 [PaymentProcessor] INFO: Payment processed successfully for ORDER-11772 - amount: $475
2025-07-26 18:52:18.351 [PaymentProcessor] INFO: Payment processed successfully for ORDER-24206 - amount: $192
2025-07-26 18:52:28.612 [PaymentProcessor] INFO: Payment processed successfully for ORDER-91343 - amount: $187
2025-07-26 18:52:46.999 [PaymentProcessor] INFO: Payment processed successfully for ORDER-97288 - amount: $178
2025-07-26 18:52:52.244 [PaymentProcessor] INFO: Payment processed successfully for ORDER-12935 - amount: $58
2025-07-26 18:53:02.003 [PaymentProcessor] INFO: Payment processed successfully for ORDER-52613 - amount: $378
2025-07-26 18:53:04.680 [PaymentProcessor] ERROR: Payment failed for ORDER-43373 - fraud detection triggered
2025-07-26 18:53:08.418 [PaymentProcessor] INFO: Payment processed successfully for ORDER-15557 - amount: $279
2025-07-26 18:53:08.838 [PaymentProcessor] INFO: Payment processed successfully for ORDER-66883 - amount: $337
2025-07-26 18:53:27.451 [PaymentProcessor] ERROR: Payment failed for ORDER-75965 - invalid card number
2025-07-26 18:53:28.924 [PaymentProcessor] INFO: Payment processed successfully for ORDER-74884 - amount: $242
2025-07-26 18:53:34.241 [PaymentProcessor] INFO: Payment processed successfully for ORDER-19072 - amount: $498
2025-07-26 18:53:36.703 [PaymentProcessor] INFO: Payment processed successfully for ORDER-32806 - amount: $333
2025-07-26 18:53:46.612 [PaymentProcessor] INFO: Payment processed successfully for ORDER-95934 - amount: $248
2025-07-26 18:53:54.501 [PaymentProcessor] INFO: Payment processed successfully for ORDER-78814 - amount: $308
2025-07-26 18:53:58.204 [PaymentProcessor] INFO: Payment processed successfully for ORDER-54933 - amount: $55
2025-07-26 18:54:02.805 [PaymentProcessor] INFO: Payment processed successfully for ORDER-90379 - amount: $405
2025-07-26 18:54:17.669 [PaymentProcessor] INFO: Payment processed successfully for ORDER-78392 - amount: $211
2025-07-26 18:54:33.958 [PaymentProcessor] INFO: Payment processed successfully for ORDER-47818 - amount: $275
2025-07-26 18:54:42.780 [PaymentProcessor] INFO: Payment processed successfully for ORDER-36622 - amount: $406
2025-07-26 18:54:46.065 [PaymentProcessor] INFO: Payment processed successfully for ORDER-48278 - amount: $133
2025-07-26 18:55:03.407 [PaymentProcessor] INFO: Payment processed successfully for ORDER-17557 - amount: $281
2025-07-26 18:55:05.197 [PaymentProcessor] INFO: Payment processed successfully for ORDER-49397 - amount: $178
2025-07-26 18:55:10.790 [PaymentProcessor] INFO: Payment processed successfully for ORDER-66873 - amount: $456
2025-07-26 18:55:16.417 [PaymentProcessor] INFO: Payment processed successfully for ORDER-18803 - amount: $23
2025-07-26 18:55:19.772 [PaymentProcessor] INFO: Payment processed successfully for ORDER-40917 - amount: $205
2025-07-26 18:55:21.716 [PaymentProcessor] INFO: Payment processed successfully for ORDER-31084 - amount: $276
2025-07-26 18:55:28.924 [PaymentProcessor] INFO: Payment processed successfully for ORDER-34921 - amount: $228
2025-07-26 18:55:40.245 [PaymentProcessor] INFO: Payment processed successfully for ORDER-57145 - amount: $286
2025-07-26 18:55:45.096 [PaymentProcessor] INFO: Payment processed successfully for ORDER-22713 - amount: $69
2025-07-26 18:55:56.930 [PaymentProcessor] INFO: Payment processed successfully for ORDER-99157 - amount: $387
2025-07-26 18:56:02.950 [PaymentProcessor] INFO: Payment processed successfully for ORDER-38957 - amount: $415
2025-07-26 18:56:15.607 [PaymentProcessor] ERROR: Payment failed for ORDER-36367 - insufficient funds
2025-07-26 18:56:20.304 [PaymentProcessor] INFO: Payment processed successfully for ORDER-31459 - amount: $398
2025-07-26 18:56:25.155 [PaymentProcessor] ERROR: Payment failed for ORDER-92073 - invalid card number
2025-07-26 18:56:31.159 [PaymentProcessor] INFO: Payment processed successfully for ORDER-84003 - amount: $118
2025-07-26 18:56:42.744 [PaymentProcessor] INFO: Payment processed successfully for ORDER-17917 - amount: $168
2025-07-26 18:56:43.222 [PaymentProcessor] INFO: Payment processed successfully for ORDER-94764 - amount: $249
2025-07-26 18:56:49.867 [PaymentProcessor] INFO: Payment processed successfully for ORDER-99043 - amount: $177
2025-07-26 18:57:14.119 [PaymentProcessor] INFO: Payment processed successfully for ORDER-59899 - amount: $184
2025-07-26 18:57:16.655 [PaymentProcessor] INFO: Payment processed successfully for ORDER-73957 - amount: $440
2025-07-26 18:57:18.276 [PaymentProcessor] INFO: Payment processed successfully for ORDER-58350 - amount: $286
2025-07-26 18:57:24.670 [PaymentProcessor] INFO: Payment processed successfully for ORDER-93111 - amount: $365
2025-07-26 18:57:27.385 [PaymentProcessor] INFO: Payment processed successfully for ORDER-16441 - amount: $74
2025-07-26 18:57:34.303 [PaymentProcessor] INFO: Payment processed successfully for ORDER-97662 - amount: $225
2025-07-26 18:57:36.769 [PaymentProcessor] INFO: Payment processed successfully for ORDER-84644 - amount: $313
2025-07-26 18:57:39.974 [PaymentProcessor] INFO: Payment processed successfully for ORDER-83190 - amount: $191
2025-07-26 18:57:43.080 [PaymentProcessor] INFO: Payment processed successfully for ORDER-86318 - amount: $487
2025-07-26 18:57:59.058 [PaymentProcessor] INFO: Payment processed successfully for ORDER-37825 - amount: $403
2025-07-26 18:58:31.360 [PaymentProcessor] INFO: Payment processed successfully for ORDER-41358 - amount: $329
2025-07-26 18:58:32.912 [PaymentProcessor] INFO: Payment processed successfully for ORDER-44710 - amount: $269
2025-07-26 18:58:40.476 [PaymentProcessor] INFO: Payment processed successfully for ORDER-23046 - amount: $242
2025-07-26 18:58:51.295 [PaymentProcessor] INFO: Payment processed successfully for ORDER-57609 - amount: $372
2025-07-26 18:59:05.179 [PaymentProcessor] INFO: Payment processed successfully for ORDER-54885 - amount: $115
2025-07-26 18:59:06.298 [PaymentProcessor] INFO: Payment processed successfully for ORDER-83035 - amount: $54
2025-07-26 18:59:07.158 [PaymentProcessor] INFO: Payment processed successfully for ORDER-74279 - amount: $61
2025-07-26 18:59:13.523 [PaymentProcessor] INFO: Payment processed successfully for ORDER-63452 - amount: $128
2025-07-26 18:59:18.323 [PaymentProcessor] ERROR: Payment failed for ORDER-45459 - insufficient funds
2025-07-26 18:59:22.344 [PaymentProcessor] INFO: Payment processed successfully for ORDER-22119 - amount: $209
2025-07-26 18:59:23.871 [PaymentProcessor] INFO: Payment processed successfully for ORDER-49423 - amount: $38
2025-07-26 18:59:32.623 [PaymentProcessor] INFO: Payment processed successfully for ORDER-32918 - amount: $447
2025-07-26 18:59:46.013 [PaymentProcessor] INFO: Payment processed successfully for ORDER-50833 - amount: $90
2025-07-26 18:59:52.412 [PaymentProcessor] INFO: Payment processed successfully for ORDER-44805 - amount: $42
2025-07-26 18:59:54.084 [PaymentProcessor] INFO: Payment processed successfully for ORDER-16837 - amount: $69
2025-07-26 19:00:14.277 [PaymentProcessor] INFO: Payment processed successfully for ORDER-87390 - amount: $287
2025-07-26 19:00:30.417 [PaymentProcessor] INFO: Payment processed successfully for ORDER-32161 - amount: $266
2025-07-26 19:00:36.146 [PaymentProcessor] INFO: Payment processed successfully for ORDER-19299 - amount: $239
2025-07-26 19:00:38.480 [PaymentProcessor] INFO: Payment processed successfully for ORDER-92711 - amount: $397
2025-07-26 19:00:50.262 [PaymentProcessor] INFO: Payment processed successfully for ORDER-88379 - amount: $192
2025-07-26 19:00:56.411 [PaymentProcessor] INFO: Payment processed successfully for ORDER-46082 - amount: $35
2025-07-26 19:01:04.209 [PaymentProcessor] INFO: Payment processed successfully for ORDER-73216 - amount: $288
2025-07-26 19:01:05.286 [PaymentProcessor] ERROR: Payment failed for ORDER-99094 - invalid card number
2025-07-26 19:01:14.577 [PaymentProcessor] ERROR: Payment failed for ORDER-41987 - fraud detection triggered
2025-07-26 19:01:20.121 [PaymentProcessor] INFO: Payment processed successfully for ORDER-28689 - amount: $21
2025-07-26 19:01:20.373 [PaymentProcessor] INFO: Payment processed successfully for ORDER-54802 - amount: $48
2025-07-26 19:01:37.602 [PaymentProcessor] INFO: Payment processed successfully for ORDER-27899 - amount: $421
2025-07-26 19:01:43.862 [PaymentProcessor] INFO: Payment processed successfully for ORDER-20332 - amount: $60
2025-07-26 19:01:53.184 [PaymentProcessor] INFO: Payment processed successfully for ORDER-96981 - amount: $147
2025-07-26 19:01:56.234 [PaymentProcessor] INFO: Payment processed successfully for ORDER-30660 - amount: $210
2025-07-26 19:01:57.198 [PaymentProcessor] INFO: Payment processed successfully for ORDER-87900 - amount: $323
2025-07-26 19:02:04.513 [PaymentProcessor] INFO: Payment processed successfully for ORDER-57750 - amount: $67
2025-07-26 19:02:17.126 [PaymentProcessor] ERROR: Payment failed for ORDER-58897 - fraud detection triggered
2025-07-26 19:02:27.663 [PaymentProcessor] INFO: Payment processed successfully for ORDER-20563 - amount: $308
2025-07-26 19:02:29.459 [PaymentProcessor] INFO: Payment processed successfully for ORDER-77584 - amount: $303
2025-07-26 19:02:34.562 [PaymentProcessor] INFO: Payment processed successfully for ORDER-83549 - amount: $325
2025-07-26 19:02:37.271 [PaymentProcessor] INFO: Payment processed successfully for ORDER-40659 - amount: $450
2025-07-26 19:02:49.521 [PaymentProcessor] INFO: Payment processed successfully for ORDER-54237 - amount: $136
2025-07-26 19:02:50.405 [PaymentProcessor] INFO: Payment processed successfully for ORDER-93158 - amount: $375
2025-07-26 19:03:02.260 [PaymentProcessor] INFO: Payment processed successfully for ORDER-69500 - amount: $138
2025-07-26 19:03:19.952 [PaymentProcessor] INFO: Payment processed successfully for ORDER-84402 - amount: $147
2025-07-26 19:03:23.404 [PaymentProcessor] INFO: Payment processed successfully for ORDER-78893 - amount: $472
2025-07-26 19:03:28.128 [PaymentProcessor] INFO: Payment processed successfully for ORDER-55335 - amount: $161
2025-07-26 19:03:29.090 [PaymentProcessor] INFO: Payment processed successfully for ORDER-99001 - amount: $51
2025-07-26 19:03:31.446 [PaymentProcessor] INFO: Payment processed successfully for ORDER-62079 - amount: $342
2025-07-26 19:03:45.041 [PaymentProcessor] INFO: Payment processed successfully for ORDER-88186 - amount: $144
2025-07-26 19:03:58.391 [PaymentProcessor] INFO: Payment processed successfully for ORDER-48088 - amount: $97
2025-07-26 19:04:13.254 [PaymentProcessor] INFO: Payment processed successfully for ORDER-49872 - amount: $301
2025-07-26 19:04:35.739 [PaymentProcessor] INFO: Payment processed successfully for ORDER-69446 - amount: $170
2025-07-26 19:04:37.919 [PaymentProcessor] INFO: Payment processed successfully for ORDER-73308 - amount: $168
2025-07-26 19:04:57.250 [PaymentProcessor] INFO: Payment processed successfully for ORDER-31015 - amount: $171
2025-07-26 19:05:00.925 [PaymentProcessor] INFO: Payment processed successfully for ORDER-65516 - amount: $121
2025-07-26 19:05:02.493 [PaymentProcessor] INFO: Payment processed successfully for ORDER-28726 - amount: $282
2025-07-26 19:05:06.788 [PaymentProcessor] INFO: Payment processed successfully for ORDER-58540 - amount: $124
2025-07-26 19:05:12.333 [PaymentProcessor] ERROR: Payment failed for ORDER-94052 - insufficient funds
2025-07-26 19:05:15.390 [PaymentProcessor] INFO: Payment processed successfully for ORDER-34547 - amount: $295
2025-07-26 19:05:23.880 [PaymentProcessor] INFO: Payment processed successfully for ORDER-88141 - amount: $39
2025-07-26 19:05:31.086 [PaymentProcessor] INFO: Payment processed successfully for ORDER-82835 - amount: $44
2025-07-26 19:05:39.382 [PaymentProcessor] INFO: Payment processed successfully for ORDER-63597 - amount: $63
2025-07-26 19:05:55.972 [PaymentProcessor] INFO: Payment processed successfully for ORDER-25353 - amount: $152
2025-07-26 19:06:08.563 [PaymentProcessor] INFO: Payment processed successfully for ORDER-83444 - amount: $173
2025-07-26 19:06:10.186 [PaymentProcessor] INFO: Payment processed successfully for ORDER-77547 - amount: $108
2025-07-26 19:06:14.711 [PaymentProcessor] INFO: Payment processed successfully for ORDER-59459 - amount: $200
2025-07-26 19:06:16.776 [PaymentProcessor] INFO: Payment processed successfully for ORDER-25553 - amount: $46
2025-07-26 19:06:19.917 [PaymentProcessor] INFO: Payment processed successfully for ORDER-10385 - amount: $234
2025-07-26 19:06:24.782 [PaymentProcessor] INFO: Payment processed successfully for ORDER-58101 - amount: $462
2025-07-26 19:06:28.554 [PaymentProcessor] INFO: Payment processed successfully for ORDER-98951 - amount: $402
2025-07-26 19:06:35.097 [PaymentProcessor] INFO: Payment processed successfully for ORDER-81210 - amount: $310
2025-07-26 19:06:36.496 [PaymentProcessor] INFO: Payment processed successfully for ORDER-76473 - amount: $286
2025-07-26 19:06:42.978 [PaymentProcessor] INFO: Payment processed successfully for ORDER-47023 - amount: $114
2025-07-26 19:06:44.825 [PaymentProcessor] INFO: Payment processed successfully for ORDER-16960 - amount: $455
2025-07-26 19:06:47.253 [PaymentProcessor] INFO: Payment processed successfully for ORDER-48456 - amount: $73
2025-07-26 19:07:20.912 [PaymentProcessor] INFO: Payment processed successfully for ORDER-66251 - amount: $359
2025-07-26 19:07:25.812 [PaymentProcessor] INFO: Payment processed successfully for ORDER-75464 - amount: $58
2025-07-26 19:07:37.646 [PaymentProcessor] INFO: Payment processed successfully for ORDER-39100 - amount: $455
2025-07-26 19:07:39.627 [PaymentProcessor] INFO: Payment processed successfully for ORDER-16647 - amount: $439
2025-07-26 19:07:49.698 [PaymentProcessor] INFO: Payment processed successfully for ORDER-17898 - amount: $239
2025-07-26 19:07:56.561 [PaymentProcessor] INFO: Payment processed successfully for ORDER-43244 - amount: $392
2025-07-26 19:07:59.653 [PaymentProcessor] INFO: Payment processed successfully for ORDER-55864 - amount: $452
2025-07-26 19:08:09.025 [PaymentProcessor] INFO: Payment processed successfully for ORDER-60562 - amount: $322
2025-07-26 19:08:22.936 [PaymentProcessor] INFO: Payment processed successfully for ORDER-47288 - amount: $455
2025-07-26 19:08:24.351 [PaymentProcessor] INFO: Payment processed successfully for ORDER-86466 - amount: $167
2025-07-26 19:08:33.717 [PaymentProcessor] INFO: Payment processed successfully for ORDER-83010 - amount: $426
2025-07-26 19:08:35.466 [PaymentProcessor] FATAL: OutOfMemoryError during payment processing - high transaction volume
2025-07-26 19:08:47.066 [PaymentProcessor] INFO: Payment processed successfully for ORDER-70357 - amount: $319
2025-07-26 19:08:54.126 [PaymentProcessor] INFO: Payment processed successfully for ORDER-44124 - amount: $106
2025-07-26 19:09:09.509 [PaymentProcessor] INFO: Payment processed successfully for ORDER-67490 - amount: $428
2025-07-26 19:09:11.185 [PaymentProcessor] INFO: Payment processed successfully for ORDER-25639 - amount: $481
2025-07-26 19:09:11.779 [PaymentProcessor] INFO: Payment processed successfully for ORDER-33802 - amount: $16
2025-07-26 19:09:19.424 [PaymentProcessor] INFO: Payment processed successfully for ORDER-89443 - amount: $82
2025-07-26 19:09:19.487 [PaymentProcessor] INFO: Payment processed successfully for ORDER-13656 - amount: $20
2025-07-26 19:09:20.605 [PaymentProcessor] INFO: Payment processed successfully for ORDER-59499 - amount: $286
2025-07-26 19:09:24.458 [PaymentProcessor] FATAL: OutOfMemoryError during payment processing - high transaction volume
2025-07-26 19:09:29.309 [PaymentProcessor] INFO: Payment processed successfully for ORDER-33468 - amount: $207
2025-07-26 19:09:53.296 [PaymentProcessor] INFO: Payment processed successfully for ORDER-60127 - amount: $411
2025-07-26 19:10:05.117 [PaymentProcessor] INFO: Payment processed successfully for ORDER-97375 - amount: $145
2025-07-26 19:10:12.180 [PaymentProcessor] INFO: Payment processed successfully for ORDER-24822 - amount: $115
2025-07-26 19:10:13.970 [PaymentProcessor] INFO: Payment processed successfully for ORDER-25248 - amount: $462
2025-07-26 19:10:33.261 [PaymentProcessor] INFO: Payment processed successfully for ORDER-77325 - amount: $96
2025-07-26 19:10:37.797 [PaymentProcessor] INFO: Payment processed successfully for ORDER-88157 - amount: $127
2025-07-26 19:10:51.761 [PaymentProcessor] INFO: Payment processed successfully for ORDER-50844 - amount: $118
2025-07-26 19:10:51.835 [PaymentProcessor] INFO: Payment processed successfully for ORDER-85461 - amount: $417
2025-07-26 19:10:54.892 [PaymentProcessor] FATAL: OutOfMemoryError during payment processing - high transaction volume
2025-07-26 19:11:03.357 [PaymentProcessor] INFO: Payment processed successfully for ORDER-30241 - amount: $156
2025-07-26 19:11:05.613 [PaymentProcessor] INFO: Payment processed successfully for ORDER-99684 - amount: $399
2025-07-26 19:11:10.811 [PaymentProcessor] ERROR: Payment failed for ORDER-73961 - insufficient funds
2025-07-26 19:11:15.062 [PaymentProcessor] INFO: Payment processed successfully for ORDER-68389 - amount: $443
2025-07-26 19:11:31.066 [PaymentProcessor] INFO: Payment processed successfully for ORDER-64402 - amount: $12
2025-07-26 19:11:34.867 [PaymentProcessor] INFO: Payment processed successfully for ORDER-22900 - amount: $254
2025-07-26 19:11:47.356 [PaymentProcessor] ERROR: Payment failed for ORDER-27990 - card expired
2025-07-26 19:11:48.472 [PaymentProcessor] INFO: Payment processed successfully for ORDER-42484 - amount: $56
2025-07-26 19:11:49.147 [PaymentProcessor] INFO: Payment processed successfully for ORDER-73196 - amount: $131
2025-07-26 19:11:50.345 [PaymentProcessor] INFO: Payment processed successfully for ORDER-31280 - amount: $432
2025-07-26 19:11:50.817 [PaymentProcessor] INFO: Payment processed successfully for ORDER-43398 - amount: $261
2025-07-26 19:12:15.396 [PaymentProcessor] INFO: Payment processed successfully for ORDER-18155 - amount: $65
2025-07-26 19:12:22.509 [PaymentProcessor] INFO: Payment processed successfully for ORDER-68130 - amount: $116
2025-07-26 19:12:24.364 [PaymentProcessor] INFO: Payment processed successfully for ORDER-92504 - amount: $180
2025-07-26 19:12:36.413 [PaymentProcessor] INFO: Payment processed successfully for ORDER-80784 - amount: $279
2025-07-26 19:12:50.613 [PaymentProcessor] ERROR: Payment failed for ORDER-57297 - card expired
2025-07-26 19:12:58.238 [PaymentProcessor] INFO: Payment processed successfully for ORDER-45828 - amount: $117
2025-07-26 19:13:04.966 [PaymentProcessor] INFO: Payment processed successfully for ORDER-49535 - amount: $46
2025-07-26 19:13:07.070 [PaymentProcessor] INFO: Payment processed successfully for ORDER-12289 - amount: $291
2025-07-26 19:13:16.739 [PaymentProcessor] INFO: Payment processed successfully for ORDER-46434 - amount: $472
