2025-07-26 18:23:18.391 [InventoryService] INFO: Stock reservation created for PROD-004
2025-07-26 18:23:33.000 [InventoryService] INFO: Stock reservation created for PROD-003
2025-07-26 18:23:35.594 [InventoryService] INFO: Stock reservation created for PROD-001
2025-07-26 18:23:38.218 [InventoryService] INFO: Inventory sync completed for PROD-002
2025-07-26 18:23:44.511 [InventoryService] INFO: Stock updated for PROD-005 - new quantity: 43
2025-07-26 18:23:58.778 [InventoryService] INFO: Stock check performed for PROD-004
2025-07-26 18:24:24.953 [InventoryService] INFO: Stock reservation created for PROD-002
2025-07-26 18:24:32.941 [InventoryService] INFO: Stock updated for PROD-001 - new quantity: 97
2025-07-26 18:24:34.777 [InventoryService] ERROR: Database connection timeout during stock update for PROD-002
2025-07-26 18:24:42.926 [InventoryService] INFO: Stock reservation created for PROD-005
2025-07-26 18:24:46.719 [InventoryService] INFO: Stock reservation created for PROD-001
2025-07-26 18:25:09.114 [InventoryService] INFO: Stock check performed for PROD-003
2025-07-26 18:25:18.788 [InventoryService] INFO: Inventory sync completed for PROD-002
2025-07-26 18:25:28.460 [InventoryService] INFO: Stock check performed for PROD-004
2025-07-26 18:25:29.784 [InventoryService] INFO: Stock reservation created for PROD-004
2025-07-26 18:25:34.095 [InventoryService] INFO: Reorder point reached for PROD-001
2025-07-26 18:25:46.597 [InventoryService] INFO: Stock updated for PROD-005 - new quantity: 11
2025-07-26 18:26:04.846 [InventoryService] INFO: Reorder point reached for PROD-004
2025-07-26 18:26:17.202 [InventoryService] INFO: Stock reservation created for PROD-005
2025-07-26 18:26:33.139 [InventoryService] INFO: Stock check performed for PROD-001
2025-07-26 18:26:37.773 [InventoryService] INFO: Inventory sync completed for PROD-005
2025-07-26 18:26:44.623 [InventoryService] ERROR: Database connection timeout during stock update for PROD-005
2025-07-26 18:26:48.264 [InventoryService] INFO: Stock check performed for PROD-003
2025-07-26 18:26:55.867 [InventoryService] INFO: Stock updated for PROD-003 - new quantity: 56
2025-07-26 18:27:27.179 [InventoryService] INFO: Reorder point reached for PROD-003
2025-07-26 18:27:39.191 [InventoryService] ERROR: Database connection timeout during stock update for PROD-004
2025-07-26 18:27:48.946 [InventoryService] INFO: Stock check performed for PROD-005
2025-07-26 18:27:55.726 [InventoryService] INFO: Stock check performed for PROD-003
2025-07-26 18:27:58.482 [InventoryService] INFO: Inventory sync completed for PROD-001
2025-07-26 18:27:58.703 [InventoryService] INFO: Inventory sync completed for PROD-002
2025-07-26 18:28:31.480 [InventoryService] INFO: Stock reservation created for PROD-004
2025-07-26 18:28:39.830 [InventoryService] INFO: Stock reservation created for PROD-004
2025-07-26 18:28:47.670 [InventoryService] INFO: Inventory sync completed for PROD-002
2025-07-26 18:28:57.588 [InventoryService] INFO: Reorder point reached for PROD-005
2025-07-26 18:29:03.557 [InventoryService] INFO: Stock updated for PROD-005 - new quantity: 50
2025-07-26 18:29:13.720 [InventoryService] INFO: Stock check performed for PROD-004
2025-07-26 18:29:17.318 [InventoryService] INFO: Stock check performed for PROD-004
2025-07-26 18:29:42.871 [InventoryService] INFO: Stock reservation created for PROD-004
2025-07-26 18:29:53.442 [InventoryService] INFO: Reorder point reached for PROD-004
2025-07-26 18:29:57.897 [InventoryService] INFO: Stock reservation created for PROD-003
2025-07-26 18:30:05.071 [InventoryService] INFO: Reorder point reached for PROD-003
2025-07-26 18:30:07.311 [InventoryService] INFO: Reorder point reached for PROD-004
2025-07-26 18:30:23.034 [InventoryService] INFO: Stock updated for PROD-003 - new quantity: 65
2025-07-26 18:30:31.548 [InventoryService] INFO: Stock updated for PROD-002 - new quantity: 45
2025-07-26 18:30:38.497 [InventoryService] INFO: Stock reservation created for PROD-003
2025-07-26 18:30:38.612 [InventoryService] INFO: Stock updated for PROD-003 - new quantity: 40
2025-07-26 18:30:43.600 [InventoryService] INFO: Stock updated for PROD-001 - new quantity: 43
2025-07-26 18:30:54.215 [InventoryService] INFO: Stock updated for PROD-001 - new quantity: 6
2025-07-26 18:31:30.519 [InventoryService] INFO: Stock check performed for PROD-004
2025-07-26 18:31:39.451 [InventoryService] INFO: Stock reservation created for PROD-005
2025-07-26 18:31:41.566 [InventoryService] INFO: Stock check performed for PROD-001
2025-07-26 18:31:43.801 [InventoryService] INFO: Stock check performed for PROD-005
2025-07-26 18:31:58.336 [InventoryService] INFO: Stock check performed for PROD-005
2025-07-26 18:32:02.472 [InventoryService] INFO: Stock updated for PROD-005 - new quantity: 18
2025-07-26 18:32:18.657 [InventoryService] INFO: Stock reservation created for PROD-001
2025-07-26 18:32:36.886 [InventoryService] INFO: Stock updated for PROD-001 - new quantity: 87
2025-07-26 18:32:41.501 [InventoryService] ERROR: Database connection timeout during stock update for PROD-001
2025-07-26 18:32:44.620 [InventoryService] INFO: Reorder point reached for PROD-005
2025-07-26 18:32:46.602 [InventoryService] ERROR: Database connection timeout during stock update for PROD-004
2025-07-26 18:33:13.490 [InventoryService] INFO: Reorder point reached for PROD-003
2025-07-26 18:33:24.838 [InventoryService] INFO: Stock reservation created for PROD-004
2025-07-26 18:33:30.539 [InventoryService] INFO: Stock reservation created for PROD-002
2025-07-26 18:33:40.860 [InventoryService] INFO: Stock check performed for PROD-001
2025-07-26 18:33:45.879 [InventoryService] INFO: Stock updated for PROD-004 - new quantity: 56
2025-07-26 18:33:45.881 [InventoryService] INFO: Stock reservation created for PROD-005
2025-07-26 18:33:56.252 [InventoryService] INFO: Reorder point reached for PROD-004
2025-07-26 18:34:18.290 [InventoryService] INFO: Inventory sync completed for PROD-002
2025-07-26 18:34:21.654 [InventoryService] INFO: Stock updated for PROD-001 - new quantity: 37
2025-07-26 18:34:27.038 [InventoryService] INFO: Stock check performed for PROD-002
2025-07-26 18:34:36.503 [InventoryService] INFO: Stock check performed for PROD-003
2025-07-26 18:34:36.511 [InventoryService] INFO: Stock check performed for PROD-005
2025-07-26 18:34:40.468 [InventoryService] INFO: Stock check performed for PROD-002
2025-07-26 18:35:30.264 [InventoryService] INFO: Stock updated for PROD-004 - new quantity: 0
2025-07-26 18:35:34.049 [InventoryService] INFO: Stock updated for PROD-002 - new quantity: 98
2025-07-26 18:35:34.134 [InventoryService] INFO: Stock reservation created for PROD-004
2025-07-26 18:35:36.743 [InventoryService] INFO: Reorder point reached for PROD-004
2025-07-26 18:35:39.128 [InventoryService] INFO: Inventory sync completed for PROD-004
2025-07-26 18:36:05.278 [InventoryService] ERROR: Database connection timeout during stock update for PROD-001
2025-07-26 18:36:33.709 [InventoryService] INFO: Stock reservation created for PROD-003
2025-07-26 18:36:37.869 [InventoryService] INFO: Stock reservation created for PROD-005
2025-07-26 18:36:45.738 [InventoryService] INFO: Stock check performed for PROD-003
2025-07-26 18:36:55.220 [InventoryService] INFO: Stock updated for PROD-004 - new quantity: 32
2025-07-26 18:36:57.198 [InventoryService] INFO: Stock reservation created for PROD-004
2025-07-26 18:37:10.126 [InventoryService] INFO: Stock updated for PROD-005 - new quantity: 41
2025-07-26 18:37:17.374 [InventoryService] INFO: Stock check performed for PROD-001
2025-07-26 18:37:20.572 [InventoryService] INFO: Stock reservation created for PROD-004
2025-07-26 18:37:29.970 [InventoryService] INFO: Stock reservation created for PROD-003
2025-07-26 18:37:32.893 [InventoryService] INFO: Inventory sync completed for PROD-002
2025-07-26 18:38:09.952 [InventoryService] INFO: Stock reservation created for PROD-001
2025-07-26 18:38:12.485 [InventoryService] INFO: Stock check performed for PROD-003
2025-07-26 18:38:27.018 [InventoryService] INFO: Stock check performed for PROD-004
2025-07-26 18:38:31.104 [InventoryService] INFO: Stock reservation created for PROD-005
2025-07-26 18:38:46.160 [InventoryService] INFO: Stock reservation created for PROD-001
2025-07-26 18:38:49.182 [InventoryService] INFO: Stock updated for PROD-004 - new quantity: 35
2025-07-26 18:38:57.965 [InventoryService] INFO: Stock check performed for PROD-001
2025-07-26 18:39:16.391 [InventoryService] INFO: Inventory sync completed for PROD-001
2025-07-26 18:39:29.647 [InventoryService] INFO: Stock updated for PROD-002 - new quantity: 92
2025-07-26 18:39:33.371 [InventoryService] INFO: Stock check performed for PROD-005
2025-07-26 18:39:51.008 [InventoryService] INFO: Stock check performed for PROD-001
2025-07-26 18:40:05.502 [InventoryService] INFO: Stock updated for PROD-003 - new quantity: 94
2025-07-26 18:40:10.686 [InventoryService] INFO: Stock reservation created for PROD-001
2025-07-26 18:40:15.448 [InventoryService] INFO: Stock updated for PROD-005 - new quantity: 13
2025-07-26 18:40:20.247 [InventoryService] INFO: Stock reservation created for PROD-003
2025-07-26 18:40:34.844 [InventoryService] INFO: Stock check performed for PROD-004
2025-07-26 18:40:52.125 [InventoryService] ERROR: Database connection timeout during stock update for PROD-001
2025-07-26 18:40:57.809 [InventoryService] INFO: Reorder point reached for PROD-004
2025-07-26 18:41:01.227 [InventoryService] INFO: Stock reservation created for PROD-002
2025-07-26 18:41:09.089 [InventoryService] INFO: Stock updated for PROD-003 - new quantity: 19
2025-07-26 18:41:18.156 [InventoryService] INFO: Stock check performed for PROD-005
2025-07-26 18:41:28.681 [InventoryService] INFO: Stock updated for PROD-002 - new quantity: 35
2025-07-26 18:41:40.448 [InventoryService] INFO: Stock check performed for PROD-001
2025-07-26 18:41:47.781 [InventoryService] INFO: Stock updated for PROD-004 - new quantity: 31
2025-07-26 18:41:55.526 [InventoryService] INFO: Inventory sync completed for PROD-002
2025-07-26 18:41:56.388 [InventoryService] INFO: Reorder point reached for PROD-003
2025-07-26 18:42:22.581 [InventoryService] INFO: Stock reservation created for PROD-002
2025-07-26 18:42:32.438 [InventoryService] INFO: Reorder point reached for PROD-004
2025-07-26 18:42:35.443 [InventoryService] INFO: Stock updated for PROD-002 - new quantity: 92
2025-07-26 18:42:51.265 [InventoryService] INFO: Stock updated for PROD-001 - new quantity: 97
2025-07-26 18:43:06.552 [InventoryService] INFO: Stock reservation created for PROD-001
2025-07-26 18:43:14.337 [InventoryService] INFO: Reorder point reached for PROD-002
2025-07-26 18:43:41.506 [InventoryService] INFO: Inventory sync completed for PROD-003
2025-07-26 18:43:52.736 [InventoryService] INFO: Stock check performed for PROD-005
2025-07-26 18:43:53.450 [InventoryService] INFO: Stock updated for PROD-003 - new quantity: 94
2025-07-26 18:43:54.324 [InventoryService] INFO: Inventory sync completed for PROD-001
2025-07-26 18:43:54.494 [InventoryService] INFO: Stock check performed for PROD-003
2025-07-26 18:44:07.675 [InventoryService] WARN: Slow query detected: SELECT * FROM inventory WHERE product_id IN (...) - execution time: 5463ms
2025-07-26 18:44:10.249 [InventoryService] INFO: Stock check performed for PROD-004
2025-07-26 18:44:17.510 [InventoryService] INFO: Stock reservation created for PROD-002
2025-07-26 18:44:24.700 [InventoryService] WARN: Slow query detected: SELECT * FROM inventory WHERE product_id IN (...) - execution time: 3449ms
2025-07-26 18:44:37.122 [InventoryService] ERROR: Database connection timeout during stock update for PROD-005
2025-07-26 18:44:38.713 [InventoryService] INFO: Stock updated for PROD-003 - new quantity: 29
2025-07-26 18:44:40.500 [InventoryService] INFO: Inventory sync completed for PROD-005
2025-07-26 18:45:01.110 [InventoryService] INFO: Stock updated for PROD-003 - new quantity: 84
2025-07-26 18:45:09.158 [InventoryService] ERROR: Database connection timeout during stock update for PROD-003
2025-07-26 18:45:28.565 [InventoryService] INFO: Reorder point reached for PROD-003
2025-07-26 18:45:29.595 [InventoryService] INFO: Stock check performed for PROD-003
2025-07-26 18:45:35.254 [InventoryService] INFO: Stock reservation created for PROD-005
2025-07-26 18:46:01.984 [InventoryService] INFO: Reorder point reached for PROD-003
2025-07-26 18:46:04.801 [InventoryService] INFO: Reorder point reached for PROD-003
2025-07-26 18:46:05.064 [InventoryService] WARN: Slow query detected: SELECT * FROM inventory WHERE product_id IN (...) - execution time: 5935ms
2025-07-26 18:46:10.616 [InventoryService] INFO: Reorder point reached for PROD-002
2025-07-26 18:46:19.053 [InventoryService] WARN: Slow query detected: SELECT * FROM inventory WHERE product_id IN (...) - execution time: 6061ms
2025-07-26 18:46:32.173 [InventoryService] INFO: Reorder point reached for PROD-002
2025-07-26 18:46:32.556 [InventoryService] INFO: Stock check performed for PROD-004
2025-07-26 18:46:35.379 [InventoryService] INFO: Stock check performed for PROD-002
2025-07-26 18:46:37.676 [InventoryService] INFO: Stock reservation created for PROD-001
2025-07-26 18:46:45.316 [InventoryService] INFO: Reorder point reached for PROD-005
2025-07-26 18:47:08.621 [InventoryService] INFO: Stock check performed for PROD-005
2025-07-26 18:47:20.900 [InventoryService] INFO: Inventory sync completed for PROD-001
2025-07-26 18:47:29.118 [InventoryService] WARN: Slow query detected: SELECT * FROM inventory WHERE product_id IN (...) - execution time: 5601ms
2025-07-26 18:47:37.556 [InventoryService] INFO: Reorder point reached for PROD-005
2025-07-26 18:47:42.794 [InventoryService] INFO: Inventory sync completed for PROD-003
2025-07-26 18:47:43.588 [InventoryService] INFO: Inventory sync completed for PROD-003
2025-07-26 18:48:00.524 [InventoryService] INFO: Reorder point reached for PROD-002
2025-07-26 18:48:11.863 [InventoryService] INFO: Reorder point reached for PROD-002
2025-07-26 18:48:22.587 [InventoryService] INFO: Reorder point reached for PROD-005
2025-07-26 18:48:33.378 [InventoryService] INFO: Reorder point reached for PROD-002
2025-07-26 18:48:46.282 [InventoryService] INFO: Stock updated for PROD-005 - new quantity: 23
2025-07-26 18:48:56.494 [InventoryService] INFO: Stock reservation created for PROD-004
2025-07-26 18:48:58.093 [InventoryService] INFO: Stock updated for PROD-004 - new quantity: 22
2025-07-26 18:49:16.632 [InventoryService] INFO: Reorder point reached for PROD-005
2025-07-26 18:49:30.488 [InventoryService] INFO: Stock updated for PROD-003 - new quantity: 75
2025-07-26 18:49:32.323 [InventoryService] INFO: Inventory sync completed for PROD-004
2025-07-26 18:49:34.570 [InventoryService] INFO: Stock check performed for PROD-005
2025-07-26 18:49:40.901 [InventoryService] INFO: Reorder point reached for PROD-004
2025-07-26 18:49:42.473 [InventoryService] INFO: Stock updated for PROD-005 - new quantity: 32
2025-07-26 18:49:50.161 [InventoryService] INFO: Inventory sync completed for PROD-001
2025-07-26 18:50:18.142 [InventoryService] INFO: Stock check performed for PROD-001
2025-07-26 18:50:26.748 [InventoryService] ERROR: Database connection timeout during stock update for PROD-001
2025-07-26 18:50:31.197 [InventoryService] INFO: Reorder point reached for PROD-005
2025-07-26 18:50:38.820 [InventoryService] INFO: Inventory sync completed for PROD-003
2025-07-26 18:50:42.085 [InventoryService] ERROR: Database connection timeout during stock update for PROD-004
2025-07-26 18:50:57.653 [InventoryService] INFO: Stock reservation created for PROD-003
2025-07-26 18:51:36.611 [InventoryService] INFO: Stock check performed for PROD-004
2025-07-26 18:51:51.173 [InventoryService] INFO: Inventory sync completed for PROD-001
2025-07-26 18:52:00.767 [InventoryService] INFO: Inventory sync completed for PROD-003
2025-07-26 18:52:06.326 [InventoryService] INFO: Stock check performed for PROD-005
2025-07-26 18:52:08.500 [InventoryService] INFO: Reorder point reached for PROD-005
2025-07-26 18:52:11.203 [InventoryService] ERROR: Database connection timeout during stock update for PROD-005
2025-07-26 18:52:21.808 [InventoryService] ERROR: Database connection timeout during stock update for PROD-001
2025-07-26 18:52:26.389 [InventoryService] INFO: Stock check performed for PROD-004
2025-07-26 18:52:36.324 [InventoryService] INFO: Stock updated for PROD-005 - new quantity: 68
2025-07-26 18:52:53.346 [InventoryService] INFO: Stock reservation created for PROD-002
2025-07-26 18:52:57.911 [InventoryService] INFO: Reorder point reached for PROD-001
2025-07-26 18:52:58.775 [InventoryService] INFO: Stock updated for PROD-002 - new quantity: 90
2025-07-26 18:53:18.683 [InventoryService] INFO: Inventory sync completed for PROD-001
2025-07-26 18:53:38.930 [InventoryService] INFO: Reorder point reached for PROD-002
2025-07-26 18:53:47.615 [InventoryService] ERROR: Database connection timeout during stock update for PROD-001
2025-07-26 18:53:49.656 [InventoryService] INFO: Stock check performed for PROD-003
2025-07-26 18:54:05.846 [InventoryService] INFO: Stock check performed for PROD-001
2025-07-26 18:54:15.128 [InventoryService] INFO: Stock updated for PROD-002 - new quantity: 18
2025-07-26 18:54:22.343 [InventoryService] INFO: Stock updated for PROD-005 - new quantity: 88
2025-07-26 18:54:31.898 [InventoryService] ERROR: Database connection timeout during stock update for PROD-004
2025-07-26 18:54:37.091 [InventoryService] INFO: Stock updated for PROD-002 - new quantity: 98
2025-07-26 18:54:40.444 [InventoryService] INFO: Reorder point reached for PROD-003
2025-07-26 18:54:59.278 [InventoryService] INFO: Stock check performed for PROD-004
2025-07-26 18:55:06.813 [InventoryService] INFO: Reorder point reached for PROD-003
2025-07-26 18:55:19.427 [InventoryService] INFO: Inventory sync completed for PROD-002
2025-07-26 18:55:22.655 [InventoryService] INFO: Stock check performed for PROD-004
2025-07-26 18:55:54.221 [InventoryService] INFO: Reorder point reached for PROD-001
2025-07-26 18:55:55.124 [InventoryService] INFO: Stock reservation created for PROD-004
2025-07-26 18:56:00.753 [InventoryService] ERROR: Database connection timeout during stock update for PROD-003
2025-07-26 18:56:16.471 [InventoryService] INFO: Stock updated for PROD-002 - new quantity: 63
2025-07-26 18:56:51.628 [InventoryService] INFO: Stock reservation created for PROD-005
2025-07-26 18:56:54.208 [InventoryService] ERROR: Database connection timeout during stock update for PROD-001
2025-07-26 18:56:56.322 [InventoryService] ERROR: Database connection timeout during stock update for PROD-004
2025-07-26 18:57:00.667 [InventoryService] INFO: Inventory sync completed for PROD-002
2025-07-26 18:57:04.693 [InventoryService] INFO: Stock reservation created for PROD-001
2025-07-26 18:57:12.895 [InventoryService] INFO: Stock check performed for PROD-001
2025-07-26 18:57:18.731 [InventoryService] INFO: Inventory sync completed for PROD-002
2025-07-26 18:57:48.871 [InventoryService] INFO: Stock updated for PROD-005 - new quantity: 59
2025-07-26 18:57:54.179 [InventoryService] INFO: Stock check performed for PROD-004
2025-07-26 18:58:03.445 [InventoryService] INFO: Stock reservation created for PROD-004
2025-07-26 18:58:03.979 [InventoryService] INFO: Stock reservation created for PROD-001
2025-07-26 18:58:09.492 [InventoryService] INFO: Reorder point reached for PROD-001
2025-07-26 18:58:21.493 [InventoryService] INFO: Reorder point reached for PROD-004
2025-07-26 18:58:22.823 [InventoryService] INFO: Stock updated for PROD-003 - new quantity: 68
2025-07-26 18:58:34.229 [InventoryService] INFO: Stock updated for PROD-002 - new quantity: 27
2025-07-26 18:58:36.196 [InventoryService] INFO: Reorder point reached for PROD-002
2025-07-26 18:58:56.035 [InventoryService] INFO: Inventory sync completed for PROD-004
2025-07-26 18:59:03.776 [InventoryService] INFO: Stock check performed for PROD-004
2025-07-26 18:59:24.502 [InventoryService] INFO: Stock updated for PROD-004 - new quantity: 36
2025-07-26 18:59:27.654 [InventoryService] INFO: Stock check performed for PROD-001
2025-07-26 18:59:39.697 [InventoryService] INFO: Stock reservation created for PROD-004
2025-07-26 18:59:43.199 [InventoryService] INFO: Stock reservation created for PROD-004
2025-07-26 18:59:52.116 [InventoryService] INFO: Stock reservation created for PROD-004
2025-07-26 18:59:53.671 [InventoryService] INFO: Reorder point reached for PROD-005
2025-07-26 19:00:23.148 [InventoryService] INFO: Stock updated for PROD-004 - new quantity: 8
2025-07-26 19:00:32.157 [InventoryService] INFO: Stock reservation created for PROD-005
2025-07-26 19:00:36.656 [InventoryService] INFO: Stock updated for PROD-004 - new quantity: 10
2025-07-26 19:00:44.514 [InventoryService] INFO: Stock reservation created for PROD-002
2025-07-26 19:00:50.211 [InventoryService] INFO: Inventory sync completed for PROD-001
2025-07-26 19:00:53.053 [InventoryService] INFO: Inventory sync completed for PROD-001
2025-07-26 19:01:20.413 [InventoryService] INFO: Stock check performed for PROD-003
2025-07-26 19:01:25.731 [InventoryService] INFO: Reorder point reached for PROD-002
2025-07-26 19:01:26.465 [InventoryService] INFO: Reorder point reached for PROD-004
2025-07-26 19:01:29.640 [InventoryService] INFO: Reorder point reached for PROD-003
2025-07-26 19:01:42.269 [InventoryService] INFO: Stock updated for PROD-002 - new quantity: 0
2025-07-26 19:02:07.694 [InventoryService] INFO: Reorder point reached for PROD-005
2025-07-26 19:02:20.795 [InventoryService] INFO: Stock updated for PROD-004 - new quantity: 28
2025-07-26 19:02:24.833 [InventoryService] INFO: Stock updated for PROD-001 - new quantity: 59
2025-07-26 19:02:24.962 [InventoryService] INFO: Stock reservation created for PROD-002
2025-07-26 19:02:37.882 [InventoryService] INFO: Stock updated for PROD-003 - new quantity: 41
2025-07-26 19:03:07.590 [InventoryService] INFO: Stock check performed for PROD-005
2025-07-26 19:03:10.445 [InventoryService] INFO: Stock check performed for PROD-004
2025-07-26 19:03:29.430 [InventoryService] INFO: Stock updated for PROD-001 - new quantity: 66
2025-07-26 19:03:40.534 [InventoryService] INFO: Reorder point reached for PROD-003
2025-07-26 19:03:54.135 [InventoryService] INFO: Reorder point reached for PROD-003
2025-07-26 19:03:54.766 [InventoryService] INFO: Stock check performed for PROD-002
2025-07-26 19:04:03.369 [InventoryService] ERROR: Database connection timeout during stock update for PROD-005
2025-07-26 19:04:12.238 [InventoryService] INFO: Stock check performed for PROD-002
2025-07-26 19:04:23.651 [InventoryService] INFO: Stock check performed for PROD-001
2025-07-26 19:04:49.513 [InventoryService] INFO: Stock reservation created for PROD-002
2025-07-26 19:04:54.447 [InventoryService] INFO: Stock updated for PROD-002 - new quantity: 88
2025-07-26 19:04:56.281 [InventoryService] INFO: Stock updated for PROD-004 - new quantity: 36
2025-07-26 19:05:04.144 [InventoryService] INFO: Stock check performed for PROD-004
2025-07-26 19:05:16.468 [InventoryService] INFO: Stock check performed for PROD-004
2025-07-26 19:05:42.798 [InventoryService] ERROR: Database connection timeout during stock update for PROD-001
2025-07-26 19:05:45.375 [InventoryService] INFO: Reorder point reached for PROD-002
2025-07-26 19:05:50.245 [InventoryService] ERROR: Database connection timeout during stock update for PROD-004
2025-07-26 19:05:56.651 [InventoryService] INFO: Stock updated for PROD-003 - new quantity: 44
2025-07-26 19:06:03.436 [InventoryService] INFO: Reorder point reached for PROD-005
2025-07-26 19:06:16.091 [InventoryService] INFO: Stock reservation created for PROD-004
2025-07-26 19:06:19.278 [InventoryService] INFO: Stock check performed for PROD-004
2025-07-26 19:06:35.562 [InventoryService] INFO: Reorder point reached for PROD-002
2025-07-26 19:06:46.087 [InventoryService] INFO: Reorder point reached for PROD-005
2025-07-26 19:06:47.026 [InventoryService] INFO: Stock reservation created for PROD-005
2025-07-26 19:06:54.320 [InventoryService] INFO: Reorder point reached for PROD-003
2025-07-26 19:06:57.862 [InventoryService] INFO: Inventory sync completed for PROD-003
2025-07-26 19:07:22.388 [InventoryService] INFO: Reorder point reached for PROD-001
2025-07-26 19:07:29.811 [InventoryService] ERROR: Database connection timeout during stock update for PROD-005
2025-07-26 19:07:54.856 [InventoryService] ERROR: Database connection timeout during stock update for PROD-001
2025-07-26 19:08:00.033 [InventoryService] INFO: Stock updated for PROD-004 - new quantity: 75
2025-07-26 19:08:04.910 [InventoryService] INFO: Stock updated for PROD-004 - new quantity: 62
2025-07-26 19:08:11.950 [InventoryService] INFO: Inventory sync completed for PROD-001
2025-07-26 19:08:35.438 [InventoryService] ERROR: Database connection timeout during stock update for PROD-005
2025-07-26 19:08:43.586 [InventoryService] INFO: Stock reservation created for PROD-004
2025-07-26 19:09:05.277 [InventoryService] INFO: Stock reservation created for PROD-001
2025-07-26 19:09:10.068 [InventoryService] INFO: Stock reservation created for PROD-003
2025-07-26 19:09:10.411 [InventoryService] INFO: Stock check performed for PROD-005
2025-07-26 19:09:10.637 [InventoryService] INFO: Stock updated for PROD-005 - new quantity: 26
2025-07-26 19:09:28.608 [InventoryService] INFO: Stock reservation created for PROD-003
2025-07-26 19:09:56.356 [InventoryService] INFO: Stock updated for PROD-004 - new quantity: 85
2025-07-26 19:10:00.006 [InventoryService] INFO: Stock check performed for PROD-002
2025-07-26 19:10:02.966 [InventoryService] INFO: Stock check performed for PROD-005
2025-07-26 19:10:02.977 [InventoryService] INFO: Reorder point reached for PROD-005
2025-07-26 19:10:09.901 [InventoryService] INFO: Stock check performed for PROD-004
2025-07-26 19:10:25.357 [InventoryService] INFO: Stock reservation created for PROD-004
2025-07-26 19:10:30.225 [InventoryService] INFO: Reorder point reached for PROD-001
2025-07-26 19:10:37.304 [InventoryService] INFO: Reorder point reached for PROD-004
2025-07-26 19:10:51.935 [InventoryService] INFO: Reorder point reached for PROD-004
2025-07-26 19:10:54.206 [InventoryService] INFO: Stock reservation created for PROD-005
2025-07-26 19:11:15.356 [InventoryService] INFO: Reorder point reached for PROD-001
2025-07-26 19:11:18.831 [InventoryService] INFO: Stock updated for PROD-004 - new quantity: 4
2025-07-26 19:11:44.429 [InventoryService] INFO: Inventory sync completed for PROD-002
2025-07-26 19:11:58.636 [InventoryService] INFO: Stock check performed for PROD-003
2025-07-26 19:12:07.806 [InventoryService] ERROR: Database connection timeout during stock update for PROD-001
2025-07-26 19:12:09.286 [InventoryService] ERROR: Database connection timeout during stock update for PROD-003
2025-07-26 19:12:12.904 [InventoryService] INFO: Inventory sync completed for PROD-003
2025-07-26 19:12:24.697 [InventoryService] INFO: Stock updated for PROD-001 - new quantity: 75
2025-07-26 19:12:42.601 [InventoryService] INFO: Stock reservation created for PROD-002
2025-07-26 19:12:48.404 [InventoryService] INFO: Reorder point reached for PROD-005
2025-07-26 19:12:57.038 [InventoryService] INFO: Stock updated for PROD-002 - new quantity: 80
2025-07-26 19:13:02.667 [InventoryService] INFO: Stock check performed for PROD-005
2025-07-26 19:13:16.314 [InventoryService] INFO: Stock reservation created for PROD-003
